#
# There is insufficient memory for the Java Runtime Environment to continue.
# Native memory allocation (mmap) failed to map 65011712 bytes for Failed to commit area from 0x00000000c2800000 to 0x00000000c6600000 of length 65011712.
# Possible reasons:
#   The system is out of physical RAM or swap space
#   The process is running with CompressedOops enabled, and the Java Heap may be blocking the growth of the native heap
# Possible solutions:
#   Reduce memory load on the system
#   Increase physical memory or swap space
#   Check if swap backing store is full
#   Decrease Java heap size (-Xmx/-Xms)
#   Decrease number of Java threads
#   Decrease Java thread stack sizes (-Xss)
#   Set larger code cache with -XX:ReservedCodeCacheSize=
# This output file may be truncated or incomplete.
#
#  Out of Memory Error (./open/src/hotspot/os/windows/os_windows.cpp:3287), pid=43612, tid=22864
#
# JRE version:  (11.0.16+11) (build )
# Java VM: Java HotSpot(TM) 64-Bit Server VM (11.0.16+11-LTS-199, mixed mode, sharing, tiered, compressed oops, g1 gc, windows-amd64)
# No core dump will be written. Minidumps are not enabled by default on client versions of Windows
#

---------------  S U M M A R Y ------------

Command Line: -Dclassworlds.conf=C:\Program Files\NetBeans-15\netbeans\java\maven\bin\m2.conf -Dmaven.home=C:\Program Files\NetBeans-15\netbeans\java\maven -Dlibrary.jansi.path=C:\Program Files\NetBeans-15\netbeans\java\maven\lib\jansi-native -Dmaven.multiModuleProjectDirectory=C:\Users\leona\OneDrive\Documentos\NetBeansProjects\aplicativoWeb org.codehaus.plexus.classworlds.launcher.Launcher -Dmaven.ext.class.path=C:\Program Files\NetBeans-15\netbeans\java\maven-nblib\netbeans-eventspy.jar -Dfile.encoding=UTF-8 clean install

Host: Intel(R) Core(TM) i5-10210U CPU @ 1.60GHz, 8 cores, 3G,  Windows 11 , 64 bit Build 22000 (10.0.22000.708)
Time: Sun Sep 11 09:45:50 2022 Hora est. Pacífico, Sudamérica elapsed time: 0.072404 seconds (0d 0h 0m 0s)

---------------  T H R E A D  ---------------

Current thread (0x0000020b0cc59800):  JavaThread "Unknown thread" [_thread_in_vm, id=22864, stack(0x000000a01ac00000,0x000000a01ad00000)]

Stack: [0x000000a01ac00000,0x000000a01ad00000]
Native frames: (J=compiled Java code, j=interpreted, Vv=VM code, C=native code)
V  [jvm.dll+0x62a3ea]
V  [jvm.dll+0x76418f]
V  [jvm.dll+0x765839]
V  [jvm.dll+0x765ec3]
V  [jvm.dll+0x23da98]
V  [jvm.dll+0x62770a]
V  [jvm.dll+0x61c475]
V  [jvm.dll+0x2f2aac]
V  [jvm.dll+0x2f2932]
V  [jvm.dll+0x2f7656]
V  [jvm.dll+0x33a1cf]
V  [jvm.dll+0x339c00]
V  [jvm.dll+0x2d00c8]
V  [jvm.dll+0x2d1236]
V  [jvm.dll+0x73e757]
V  [jvm.dll+0x73ffef]
V  [jvm.dll+0x346ef9]
V  [jvm.dll+0x723f90]
V  [jvm.dll+0x3b5adf]
V  [jvm.dll+0x3b7bf1]
C  [jli.dll+0x5207]
C  [ucrtbase.dll+0x26c0c]
C  [KERNEL32.DLL+0x154e0]
C  [ntdll.dll+0x485b]


---------------  P R O C E S S  ---------------

Threads class SMR info:
_java_thread_list=0x0000020b0a943a10, length=0, elements={
}

Java Threads: ( => current thread )

Other Threads:
  0x0000020b0cc6d800 GCTaskThread "GC Thread#0" [stack: 0x000000a01ad00000,0x000000a01ae00000] [id=47068]
  0x0000020b0cc8a800 ConcurrentGCThread "G1 Main Marker" [stack: 0x000000a01ae00000,0x000000a01af00000] [id=13332]
  0x0000020b0cc8c800 ConcurrentGCThread "G1 Conc#0" [stack: 0x000000a01af00000,0x000000a01b000000] [id=41612]

[error occurred during error reporting (printing all threads), id 0xc0000005, EXCEPTION_ACCESS_VIOLATION (0xc0000005) at pc=0x00007ffb3761f357]

VM state:not at safepoint (not fully initialized)

VM Mutex/Monitor currently owned by a thread:  ([mutex/lock_event])
[0x0000020b0cc54ec0] Heap_lock - owner thread: 0x0000020b0cc59800

Heap address: 0x00000000c2800000, size: 984 MB, Compressed Oops mode: Non-zero based: 0x00000000c2800000
Narrow klass base: 0x0000000000000000, Narrow klass shift: 0

GC Heap History (0 events):
No events

Deoptimization events (0 events):
No events

Classes redefined (0 events):
No events

Internal exceptions (0 events):
No events

Events (0 events):
No events


Dynamic libraries:
0x00007ff693890000 - 0x00007ff69389f000 	C:\Program Files\Java\jdk-11.0.16\bin\java.exe
0x00007ffbb9320000 - 0x00007ffbb9529000 	C:\Windows\SYSTEM32\ntdll.dll
0x00007ffbb9220000 - 0x00007ffbb92dd000 	C:\Windows\System32\KERNEL32.DLL
0x00007ffbb6e00000 - 0x00007ffbb717d000 	C:\Windows\System32\KERNELBASE.dll
0x00007ffbb6ad0000 - 0x00007ffbb6be1000 	C:\Windows\System32\ucrtbase.dll
0x00007ffb8e290000 - 0x00007ffb8e2a8000 	C:\Program Files\Java\jdk-11.0.16\bin\jli.dll
0x00007ffbad0d0000 - 0x00007ffbad0e5000 	C:\Program Files\Java\jdk-11.0.16\bin\VCRUNTIME140.dll
0x00007ffbb7e30000 - 0x00007ffbb7ede000 	C:\Windows\System32\ADVAPI32.dll
0x00007ffbb8a80000 - 0x00007ffbb8b23000 	C:\Windows\System32\msvcrt.dll
0x00007ffbb8830000 - 0x00007ffbb88ce000 	C:\Windows\System32\sechost.dll
0x00007ffbb9100000 - 0x00007ffbb9220000 	C:\Windows\System32\RPCRT4.dll
0x00007ffbb88d0000 - 0x00007ffbb8a7d000 	C:\Windows\System32\USER32.dll
0x00007ffbb7180000 - 0x00007ffbb71a6000 	C:\Windows\System32\win32u.dll
0x00007ffbb8160000 - 0x00007ffbb8189000 	C:\Windows\System32\GDI32.dll
0x00007ffb97a70000 - 0x00007ffb97d15000 	C:\Windows\WinSxS\amd64_microsoft.windows.common-controls_6595b64144ccf1df_6.0.22000.120_none_9d947278b86cc467\COMCTL32.dll
0x00007ffbb68f0000 - 0x00007ffbb6a08000 	C:\Windows\System32\gdi32full.dll
0x00007ffbb6d60000 - 0x00007ffbb6dfd000 	C:\Windows\System32\msvcp_win.dll
0x00007ffbae140000 - 0x00007ffbae14a000 	C:\Windows\SYSTEM32\VERSION.dll
0x00007ffbb8080000 - 0x00007ffbb80b1000 	C:\Windows\System32\IMM32.DLL
0x00007ffb91c10000 - 0x00007ffb91cab000 	C:\Program Files\Java\jdk-11.0.16\bin\msvcp140.dll
0x00007ffb37340000 - 0x00007ffb37e58000 	C:\Program Files\Java\jdk-11.0.16\bin\server\jvm.dll
0x00007ffbb7da0000 - 0x00007ffbb7da8000 	C:\Windows\System32\PSAPI.DLL
0x00007ffbb0980000 - 0x00007ffbb09b3000 	C:\Windows\SYSTEM32\WINMM.dll
0x00007ffb9adf0000 - 0x00007ffb9adf9000 	C:\Windows\SYSTEM32\WSOCK32.dll
0x00007ffbb7dc0000 - 0x00007ffbb7e2f000 	C:\Windows\System32\ws2_32.DLL
0x00007ffbb5900000 - 0x00007ffbb5918000 	C:\Windows\SYSTEM32\kernel.appcore.dll
0x00007ffbb3770000 - 0x00007ffbb3780000 	C:\Program Files\Java\jdk-11.0.16\bin\verify.dll
0x00007ffbb4330000 - 0x00007ffbb4551000 	C:\Windows\SYSTEM32\DBGHELP.DLL
0x00007ffba15b0000 - 0x00007ffba15e1000 	C:\Windows\SYSTEM32\dbgcore.DLL
0x00007ffbb6800000 - 0x00007ffbb687f000 	C:\Windows\System32\bcryptPrimitives.dll
0x00007ffb932b0000 - 0x00007ffb932d8000 	C:\Program Files\Java\jdk-11.0.16\bin\java.dll
0x00007ffbad3f0000 - 0x00007ffbad3fa000 	C:\Program Files\Java\jdk-11.0.16\bin\jimage.dll
0x00007ffba6aa0000 - 0x00007ffba6ab6000 	C:\Program Files\Java\jdk-11.0.16\bin\zip.dll

dbghelp: loaded successfully - version: 4.0.5 - missing functions: none
symbol engine: initialized successfully - sym options: 0x614 - pdb path: .;C:\Program Files\Java\jdk-11.0.16\bin;C:\Windows\SYSTEM32;C:\Windows\WinSxS\amd64_microsoft.windows.common-controls_6595b64144ccf1df_6.0.22000.120_none_9d947278b86cc467;C:\Program Files\Java\jdk-11.0.16\bin\server

VM Arguments:
jvm_args: -Dclassworlds.conf=C:\Program Files\NetBeans-15\netbeans\java\maven\bin\m2.conf -Dmaven.home=C:\Program Files\NetBeans-15\netbeans\java\maven -Dlibrary.jansi.path=C:\Program Files\NetBeans-15\netbeans\java\maven\lib\jansi-native -Dmaven.multiModuleProjectDirectory=C:\Users\leona\OneDrive\Documentos\NetBeansProjects\aplicativoWeb 
java_command: org.codehaus.plexus.classworlds.launcher.Launcher -Dmaven.ext.class.path=C:\Program Files\NetBeans-15\netbeans\java\maven-nblib\netbeans-eventspy.jar -Dfile.encoding=UTF-8 clean install
java_class_path (initial): C:\Program Files\NetBeans-15\netbeans\java\maven\boot\plexus-classworlds-2.6.0.jar
Launcher Type: SUN_STANDARD

[Global flags]
     intx CICompilerCount                          = 4                                         {product} {ergonomic}
     uint ConcGCThreads                            = 2                                         {product} {ergonomic}
     uint G1ConcRefinementThreads                  = 8                                         {product} {ergonomic}
   size_t G1HeapRegionSize                         = 1048576                                   {product} {ergonomic}
    uintx GCDrainStackTargetSize                   = 64                                        {product} {ergonomic}
   size_t InitialHeapSize                          = 65011712                                  {product} {ergonomic}
   size_t MarkStackSize                            = 4194304                                   {product} {ergonomic}
   size_t MaxHeapSize                              = 1031798784                                {product} {ergonomic}
   size_t MinHeapDeltaBytes                        = 1048576                                   {product} {ergonomic}
    uintx NonNMethodCodeHeapSize                   = 5836300                                {pd product} {ergonomic}
    uintx NonProfiledCodeHeapSize                  = 122910970                              {pd product} {ergonomic}
    uintx ProfiledCodeHeapSize                     = 122910970                              {pd product} {ergonomic}
    uintx ReservedCodeCacheSize                    = 251658240                              {pd product} {ergonomic}
     bool SegmentedCodeCache                       = true                                      {product} {ergonomic}
     bool UseCompressedClassPointers               = true                                 {lp64_product} {ergonomic}
     bool UseCompressedOops                        = true                                 {lp64_product} {ergonomic}
     bool UseG1GC                                  = true                                      {product} {ergonomic}
     bool UseLargePagesIndividualAllocation        = false                                  {pd product} {ergonomic}

Logging:
Log output configuration:
 #0: stdout all=warning uptime,level,tags
 #1: stderr all=off uptime,level,tags

Environment Variables:
JAVA_HOME=C:\Program Files\Java\jdk-11.0.16
PATH=C:\Program Files\Common Files\Oracle\Java\javapath;C:\Program Files (x86)\Common Files\Oracle\Java\javapath;C:\Windows\system32;C:\Windows;C:\Windows\System32\Wbem;C:\Windows\System32\WindowsPowerShell\v1.0\;C:\Windows\System32\OpenSSH\;C:\Program Files\TortoiseSVN\bin;C:\apache-tomee-plume-8.0.10;C:\Program Files\Java\jdk-11.0.16;C:\Program Files\nodejs\;C:\Users\leona\AppData\Local\Microsoft\WindowsApps;C:\Users\leona\AppData\Local\Programs\Microsoft VS Code\bin;C:\apache-tomee-plume-8.0.10\bin\startup.bat;C:\apache-tomee-plume-8.0.10\bin\shutdown.bat;C:\Users\leona\AppData\Roaming\npm
USERNAME=leona
OS=Windows_NT
PROCESSOR_IDENTIFIER=Intel64 Family 6 Model 142 Stepping 12, GenuineIntel



---------------  S Y S T E M  ---------------

OS: Windows 11 , 64 bit Build 22000 (10.0.22000.708)

CPU:total 8 (initial active 8) (4 cores per cpu, 2 threads per core) family 6 model 142 stepping 12 microcode 0xec, cmov, cx8, fxsr, mmx, sse, sse2, sse3, ssse3, sse4.1, sse4.2, popcnt, avx, avx2, aes, clmul, erms, 3dnowpref, lzcnt, ht, tsc, tscinvbit, bmi1, bmi2, adx, fma

Memory: 4k page, system-wide physical 3929M (9M free)
TotalPageFile size 16217M (AvailPageFile size 55M)
current process WorkingSet (physical memory assigned to process): 10M, peak: 10M
current process commit charge ("private bytes"): 59M, peak: 121M

vm_info: Java HotSpot(TM) 64-Bit Server VM (11.0.16+11-LTS-199) for windows-amd64 JRE (11.0.16+11-LTS-199), built on Jun 28 2022 08:23:17 by "mach5one" with MS VC++ 15.9 (VS2017)

END.
